<?xml version="1.0" encoding="UTF-8"?>
<!-- Generated by org.testng.reporters.JUnitReportReporter -->
<testsuite hostname="DESKTOP-HGDO0E4" failures="0" tests="1" name="test_classes.Amazon_001_Test" time="17.806" errors="0" timestamp="2023-10-17T09:02:00 IST" skipped="0">
  <testcase classname="test_classes.Amazon_001_Test" name="testGamingLaptopImage" time="17.806"/>
  <system-out/>
</testsuite> <!-- test_classes.Amazon_001_Test -->
