<?xml version="1.0" encoding="UTF-8"?>
<!-- Generated by org.testng.reporters.JUnitReportReporter -->
<testsuite hostname="DESKTOP-HGDO0E4" failures="0" tests="1" name="test_classes.Amazon_002_Test" time="7.936" errors="0" timestamp="2023-10-17T09:42:04 IST" skipped="0">
  <testcase classname="test_classes.Amazon_002_Test" name="fetchTermsAndConditions" time="7.936"/>
  <system-out/>
</testsuite> <!-- test_classes.Amazon_002_Test -->
