<?xml version="1.0" encoding="UTF-8"?>
<!-- Generated by org.testng.reporters.JUnitReportReporter -->
<testsuite hostname="DESKTOP-HGDO0E4" failures="0" tests="1" name="test_classes.Flipkart_003_Test" time="8.017" errors="0" timestamp="2023-10-16T15:41:06 IST" skipped="0">
  <testcase classname="test_classes.Flipkart_003_Test" name="SellerRegistration" time="8.017"/>
  <system-out/>
</testsuite> <!-- test_classes.Flipkart_003_Test -->
