<?xml version="1.0" encoding="UTF-8"?>
<!-- Generated by org.testng.reporters.JUnitReportReporter -->
<testsuite hostname="DESKTOP-HGDO0E4" failures="0" tests="1" name="test_classes.Flipkart_002_Test" time="13.572" errors="0" timestamp="2023-10-16T15:41:06 IST" skipped="0">
  <testcase classname="test_classes.Flipkart_002_Test" name="grossMarginData" time="13.572"/>
  <system-out/>
</testsuite> <!-- test_classes.Flipkart_002_Test -->
